<?xml version="1.0" encoding="utf-8"?><testsuites name="pytest tests"><testsuite name="pytest" errors="0" failures="0" skipped="0" tests="22" time="3.278" timestamp="2026-04-10T13:05:09.343847+00:00" hostname="agent-env-ca483429-b5a0-4585-ba1c-e8ea200f9185"><testcase classname="backend.tests.test_parkpal_api.TestAuthEndpoints" name="test_api_root" time="0.268" /><testcase classname="backend.tests.test_parkpal_api.TestAuthEndpoints" name="test_register_host" time="0.278" /><testcase classname="backend.tests.test_parkpal_api.TestAuthEndpoints" name="test_register_guest" time="0.272" /><testcase classname="backend.tests.test_parkpal_api.TestAuthEndpoints" name="test_login_host" time="0.269" /><testcase classname="backend.tests.test_parkpal_api.TestAuthEndpoints" name="test_get_me" time="0.052" /><testcase classname="backend.tests.test_parkpal_api.TestSpotsEndpoints" name="test_create_spot" time="0.048" /><testcase classname="backend.tests.test_parkpal_api.TestSpotsEndpoints" name="test_get_available_spots" time="0.043" /><testcase classname="backend.tests.test_parkpal_api.TestSpotsEndpoints" name="test_get_my_spots" time="0.048" /><testcase classname="backend.tests.test_parkpal_api.TestSpotsEndpoints" name="test_toggle_spot_active" time="0.047" /><testcase classname="backend.tests.test_parkpal_api.TestSpotsEndpoints" name="test_update_spot_pricing" time="0.059" /><testcase classname="backend.tests.test_parkpal_api.TestSpotsEndpoints" name="test_set_auto_off_timer" time="0.045" /><testcase classname="backend.tests.test_parkpal_api.TestBookingsEndpoints" name="test_create_booking_checkout" time="0.806" /><testcase classname="backend.tests.test_parkpal_api.TestBookingsEndpoints" name="test_get_my_bookings" time="0.045" /><testcase classname="backend.tests.test_parkpal_api.TestBookingsEndpoints" name="test_get_booking_history" time="0.049" /><testcase classname="backend.tests.test_parkpal_api.TestBookingsEndpoints" name="test_get_active_host_bookings" time="0.057" /><testcase classname="backend.tests.test_parkpal_api.TestStatsEndpoints" name="test_get_host_stats" time="0.050" /><testcase classname="backend.tests.test_parkpal_api.TestStatsEndpoints" name="test_get_guest_stats" time="0.048" /><testcase classname="backend.tests.test_parkpal_api.TestNotificationsEndpoints" name="test_get_notifications" time="0.047" /><testcase classname="backend.tests.test_parkpal_api.TestViolationsEndpoints" name="test_report_violation" time="0.054" /><testcase classname="backend.tests.test_parkpal_api.TestPromotionsEndpoints" name="test_get_promotion_packages" time="0.048" /><testcase classname="backend.tests.test_parkpal_api.TestPromotionsEndpoints" name="test_create_promotion_checkout" time="0.464" /><testcase classname="backend.tests.test_parkpal_api.TestSpotDelete" name="test_delete_spot" time="0.049" /></testsuite></testsuites>